#
# A fatal error has been detected by the Java Runtime Environment:
#
#  Internal Error (generateOopMap.cpp:2164), pid=15220, tid=4068
#  fatal error: Illegal class file encountered. Try running with -Xverify:all in method GetLogInAccess
#
# JRE version: OpenJDK Runtime Environment (16.0.2+7) (build 16.0.2+7-67)
# Java VM: OpenJDK 64-Bit Server VM (16.0.2+7-67, mixed mode, tiered, compressed oops, compressed class ptrs, g1 gc, windows-amd64)
# No core dump will be written. Minidumps are not enabled by default on client versions of Windows
#
# If you would like to submit a bug report, please visit:
#   https://bugreport.java.com/bugreport/crash.jsp
#

---------------  S U M M A R Y ------------

Command Line: -Djava.vendor=Sun Microsystems Inc. -XX:+ShowCodeDetailsInExceptionMessages -agentlib:jdwp=transport=dt_socket,suspend=y,address=localhost:56723 -Dcom.sun.management.jmxremote -Dcom.sun.management.jmxremote.port=56721 -Dcom.sun.management.jmxremote.authenticate=false -Dcom.sun.management.jmxremote.ssl=false -Djava.rmi.server.hostname=localhost -Dspring.jmx.enabled=true -Dspring.application.admin.enabled=true -XX:TieredStopAtLevel=1 -Dspring.boot.project.name=Profile -javaagent:D:\sts-4.11.1.RELEASE\configuration\org.eclipse.osgi\258\0\.cp\lib\javaagent-shaded.jar -Dfile.encoding=UTF-8 com.application.ApplicationProfile --spring.output.ansi.enabled=always

Host: Intel(R) Core(TM) i7-8700 CPU @ 3.20GHz, 12 cores, 7G,  Windows 10 , 64 bit Build 19041 (10.0.19041.1202)
Time: Tue Oct 19 14:54:34 2021 Bangladesh Standard Time elapsed time: 128.069417 seconds (0d 0h 2m 8s)

---------------  T H R E A D  ---------------

Current thread (0x000002d3df6a1100):  VMThread "VM Thread" [stack: 0x000000f114100000,0x000000f114200000] [id=4068]

Stack: [0x000000f114100000,0x000000f114200000]
Native frames: (J=compiled Java code, j=interpreted, Vv=VM code, C=native code)
V  [jvm.dll+0x6681ca]
V  [jvm.dll+0x7c9e69]
V  [jvm.dll+0x7cb61e]
V  [jvm.dll+0x7cbc27]
V  [jvm.dll+0x2429b3]
V  [jvm.dll+0x330cf9]
V  [jvm.dll+0x32d1a4]
V  [jvm.dll+0x32f0b5]
V  [jvm.dll+0x32f72e]
V  [jvm.dll+0x32cdaf]
V  [jvm.dll+0x32c037]
V  [jvm.dll+0x656cce]
V  [jvm.dll+0x6569d3]
V  [jvm.dll+0x61c1e8]
V  [jvm.dll+0x7c18f5]
V  [jvm.dll+0x520446]
V  [jvm.dll+0x7d00ab]
V  [jvm.dll+0x7d0da4]
V  [jvm.dll+0x7d12a9]
V  [jvm.dll+0x7d1564]
V  [jvm.dll+0x7d1630]
V  [jvm.dll+0x7795aa]
V  [jvm.dll+0x667066]
C  [ucrtbase.dll+0x21bb2]
C  [KERNEL32.DLL+0x17034]
C  [ntdll.dll+0x52651]

VM_Operation (0x000000f114bff600): get/set locals, mode: safepoint, requested by thread 0x000002d3e022a3e0


---------------  P R O C E S S  ---------------

Threads class SMR info:
_java_thread_list=0x000002d3e1efd880, length=31, elements={
0x000002d3df6a7da0, 0x000002d3df6a8b70, 0x000002d3df6c8140, 0x000002d3df6c9dc0,
0x000002d3df6cc6e0, 0x000002d3df6ccff0, 0x000002d3df6ce6f0, 0x000002d3e0041f60,
0x000002d3e0085000, 0x000002d3e022a3e0, 0x000002d3e022c2e0, 0x000002d3e022ea20,
0x000002d3e0959cc0, 0x000002d3e0b2c6d0, 0x000002d3e0b20040, 0x000002d3e0b20560,
0x000002d3e1f8de60, 0x000002d3e1fdbdc0, 0x000002d3e1fde2f0, 0x000002d3e1fddda0,
0x000002d3e1fdc310, 0x000002d3e1fdb870, 0x000002d3e1fdc860, 0x000002d3e1fdcdb0,
0x000002d3e1fded90, 0x000002d3e4de2590, 0x000002d3e4de0060, 0x000002d3e4ddf070,
0x000002d3e4de05b0, 0x000002d3e4de3ad0, 0x000002d3e4de1050
}

Java Threads: ( => current thread )
  0x000002d3df6a7da0 JavaThread "Reference Handler" daemon [_thread_blocked, id=2336, stack(0x000000f114200000,0x000000f114300000)]
  0x000002d3df6a8b70 JavaThread "Finalizer" daemon [_thread_blocked, id=12256, stack(0x000000f114300000,0x000000f114400000)]
  0x000002d3df6c8140 JavaThread "Signal Dispatcher" daemon [_thread_blocked, id=1964, stack(0x000000f114400000,0x000000f114500000)]
  0x000002d3df6c9dc0 JavaThread "Attach Listener" daemon [_thread_blocked, id=14388, stack(0x000000f114500000,0x000000f114600000)]
  0x000002d3df6cc6e0 JavaThread "Service Thread" daemon [_thread_blocked, id=8352, stack(0x000000f114600000,0x000000f114700000)]
  0x000002d3df6ccff0 JavaThread "Monitor Deflation Thread" daemon [_thread_blocked, id=4688, stack(0x000000f114700000,0x000000f114800000)]
  0x000002d3df6ce6f0 JavaThread "C1 CompilerThread0" daemon [_thread_blocked, id=12080, stack(0x000000f114800000,0x000000f114900000)]
  0x000002d3e0041f60 JavaThread "Sweeper thread" daemon [_thread_blocked, id=11792, stack(0x000000f114900000,0x000000f114a00000)]
  0x000002d3e0085000 JavaThread "Common-Cleaner" daemon [_thread_blocked, id=13576, stack(0x000000f114a00000,0x000000f114b00000)]
  0x000002d3e022a3e0 JavaThread "JDWP Transport Listener: dt_socket" daemon [_thread_blocked, id=5604, stack(0x000000f114b00000,0x000000f114c00000)]
  0x000002d3e022c2e0 JavaThread "JDWP Event Helper Thread" daemon [_thread_blocked, id=472, stack(0x000000f114c00000,0x000000f114d00000)]
  0x000002d3e022ea20 JavaThread "JDWP Command Reader" daemon [_thread_blocked, id=13584, stack(0x000000f114d00000,0x000000f114e00000)]
  0x000002d3e0959cc0 JavaThread "Notification Thread" daemon [_thread_blocked, id=6520, stack(0x000000f114e00000,0x000000f114f00000)]
  0x000002d3e0b2c6d0 JavaThread "RMI TCP Accept-0" daemon [_thread_in_native, id=13688, stack(0x000000f114f00000,0x000000f115000000)]
  0x000002d3e0b20040 JavaThread "RMI TCP Accept-56721" daemon [_thread_in_native, id=16288, stack(0x000000f115000000,0x000000f115100000)]
  0x000002d3e0b20560 JavaThread "RMI TCP Accept-0" daemon [_thread_in_native, id=2576, stack(0x000000f115100000,0x000000f115200000)]
  0x000002d3e1f8de60 JavaThread "RMI Scheduler(0)" daemon [_thread_blocked, id=10188, stack(0x000000f116000000,0x000000f116100000)]
  0x000002d3e1fdbdc0 JavaThread "JMX server connection timeout 27" daemon [_thread_blocked, id=500, stack(0x000000f116200000,0x000000f116300000)]
  0x000002d3e1fde2f0 JavaThread "Catalina-utility-1" [_thread_blocked, id=11148, stack(0x000000f115c00000,0x000000f115d00000)]
  0x000002d3e1fddda0 JavaThread "Catalina-utility-2" [_thread_blocked, id=15732, stack(0x000000f116300000,0x000000f116400000)]
  0x000002d3e1fdc310 JavaThread "container-0" [_thread_blocked, id=10808, stack(0x000000f116400000,0x000000f116500000)]
  0x000002d3e1fdb870 JavaThread "oracle.jdbc.driver.BlockSource.ThreadedCachingBlockSource.BlockReleaser" daemon [_thread_blocked, id=1700, stack(0x000000f116500000,0x000000f116600000)]
  0x000002d3e1fdc860 JavaThread "InterruptTimer" daemon [_thread_blocked, id=1832, stack(0x000000f116600000,0x000000f116700000)]
  0x000002d3e1fdcdb0 JavaThread "HikariPool-1 housekeeper" daemon [_thread_blocked, id=6500, stack(0x000000f116700000,0x000000f116800000)]
  0x000002d3e1fded90 JavaThread "http-nio-8081-Poller" daemon [_thread_in_native, id=9608, stack(0x000000f116900000,0x000000f116a00000)]
  0x000002d3e4de2590 JavaThread "http-nio-8081-Acceptor" daemon [_thread_in_native, id=11896, stack(0x000000f116a00000,0x000000f116b00000)]
  0x000002d3e4de0060 JavaThread "DestroyJavaVM" [_thread_blocked, id=10924, stack(0x000000f113b00000,0x000000f113c00000)]
  0x000002d3e4ddf070 JavaThread "RMI TCP Connection(11)-127.0.0.1" daemon [_thread_in_native, id=15000, stack(0x000000f117100000,0x000000f117200000)]
  0x000002d3e4de05b0 JavaThread "http-nio-8081-exec-1" daemon [_thread_blocked, id=3716, stack(0x000000f116800000,0x000000f116900000)]
  0x000002d3e4de3ad0 JavaThread "http-nio-8081-exec-2" daemon [_thread_blocked, id=16348, stack(0x000000f116b00000,0x000000f116c00000)]
  0x000002d3e4de1050 JavaThread "http-nio-8081-exec-3" daemon [_thread_blocked, id=1812, stack(0x000000f113800000,0x000000f113900000)]

Other Threads:
=>0x000002d3df6a1100 VMThread "VM Thread" [stack: 0x000000f114100000,0x000000f114200000] [id=4068]
  0x000002d3c54ac630 WatcherThread [stack: 0x000000f115200000,0x000000f115300000] [id=9184]
  0x000002d3c54ea6a0 GCTaskThread "GC Thread#0" [stack: 0x000000f113c00000,0x000000f113d00000] [id=5300]
  0x000002d3e0c46a60 GCTaskThread "GC Thread#1" [stack: 0x000000f115300000,0x000000f115400000] [id=10208]
  0x000002d3e0c46d70 GCTaskThread "GC Thread#2" [stack: 0x000000f115400000,0x000000f115500000] [id=10564]
  0x000002d3e0b8b370 GCTaskThread "GC Thread#3" [stack: 0x000000f115500000,0x000000f115600000] [id=11544]
  0x000002d3e0e75c70 GCTaskThread "GC Thread#4" [stack: 0x000000f115600000,0x000000f115700000] [id=5152]
  0x000002d3e0e64cc0 GCTaskThread "GC Thread#5" [stack: 0x000000f115700000,0x000000f115800000] [id=13456]
  0x000002d3e0e64fd0 GCTaskThread "GC Thread#6" [stack: 0x000000f115800000,0x000000f115900000] [id=10280]
  0x000002d3e0e652e0 GCTaskThread "GC Thread#7" [stack: 0x000000f115900000,0x000000f115a00000] [id=10608]
  0x000002d3e0e7e390 GCTaskThread "GC Thread#8" [stack: 0x000000f115a00000,0x000000f115b00000] [id=13476]
  0x000002d3e0e668a0 GCTaskThread "GC Thread#9" [stack: 0x000000f115b00000,0x000000f115c00000] [id=11652]
  0x000002d3c54fc140 ConcurrentGCThread "G1 Main Marker" [stack: 0x000000f113d00000,0x000000f113e00000] [id=4588]
  0x000002d3c54fd260 ConcurrentGCThread "G1 Conc#0" [stack: 0x000000f113e00000,0x000000f113f00000] [id=6200]
  0x000002d3e0e671d0 ConcurrentGCThread "G1 Conc#1" [stack: 0x000000f115d00000,0x000000f115e00000] [id=14712]
  0x000002d3e0e66590 ConcurrentGCThread "G1 Conc#2" [stack: 0x000000f115e00000,0x000000f115f00000] [id=13076]
  0x000002d3c557df00 ConcurrentGCThread "G1 Refine#0" [stack: 0x000000f113f00000,0x000000f114000000] [id=12324]
  0x000002d3c557e890 ConcurrentGCThread "G1 Service" [stack: 0x000000f114000000,0x000000f114100000] [id=14644]

Threads with active compile tasks:

VM state: at safepoint (normal execution)

VM Mutex/Monitor currently owned by a thread:  ([mutex/lock_event])
[0x000002d3c54a6b40] Threads_lock - owner thread: 0x000002d3df6a1100

Heap address: 0x0000000082600000, size: 2010 MB, Compressed Oops mode: 32-bit

CDS disabled.
Compressed class space mapped at: 0x0000000100000000-0x0000000140000000, reserved size: 1073741824
Narrow klass base: 0x0000000000000000, Narrow klass shift: 3, Narrow klass range: 0x140000000

GC Precious Log:
 CPUs: 12 total, 12 available
 Memory: 8035M
 Large Page Support: Disabled
 NUMA Support: Disabled
 Compressed Oops: Enabled (32-bit)
 Heap Region Size: 1M
 Heap Min Capacity: 8M
 Heap Initial Capacity: 126M
 Heap Max Capacity: 2010M
 Pre-touch: Disabled
 Parallel Workers: 10
 Concurrent Workers: 3
 Concurrent Refinement Workers: 10
 Periodic GC: Disabled

Heap:
 garbage-first heap   total 97280K, used 37205K [0x0000000082600000, 0x0000000100000000)
  region size 1024K, 19 young (19456K), 7 survivors (7168K)
 Metaspace       used 67182K, committed 67648K, reserved 1114112K
  class space    used 8795K, committed 9024K, reserved 1048576K

Heap Regions: E=young(eden), S=young(survivor), O=old, HS=humongous(starts), HC=humongous(continues), CS=collection set, F=free, OA=open archive, CA=closed archive, TAMS=top-at-mark-start (previous, next)
|   0|0x0000000082600000, 0x0000000082700000, 0x0000000082700000|100%|HS|  |TAMS 0x0000000082700000, 0x0000000082600000| Complete 
|   1|0x0000000082700000, 0x0000000082800000, 0x0000000082800000|100%| O|  |TAMS 0x0000000082800000, 0x0000000082700000| Untracked 
|   2|0x0000000082800000, 0x0000000082900000, 0x0000000082900000|100%| O|  |TAMS 0x0000000082900000, 0x0000000082800000| Untracked 
|   3|0x0000000082900000, 0x0000000082a00000, 0x0000000082a00000|100%| O|  |TAMS 0x0000000082a00000, 0x0000000082900000| Untracked 
|   4|0x0000000082a00000, 0x0000000082b00000, 0x0000000082b00000|100%| O|  |TAMS 0x0000000082b00000, 0x0000000082a00000| Untracked 
|   5|0x0000000082b00000, 0x0000000082c00000, 0x0000000082c00000|100%| O|  |TAMS 0x0000000082c00000, 0x0000000082b00000| Untracked 
|   6|0x0000000082c00000, 0x0000000082c93c00, 0x0000000082d00000| 57%| O|  |TAMS 0x0000000082c93c00, 0x0000000082c00000| Untracked 
|   7|0x0000000082d00000, 0x0000000082e00000, 0x0000000082e00000|100%| O|  |TAMS 0x0000000082e00000, 0x0000000082d00000| Untracked 
|   8|0x0000000082e00000, 0x0000000082f00000, 0x0000000082f00000|100%| O|  |TAMS 0x0000000082f00000, 0x0000000082e00000| Untracked 
|   9|0x0000000082f00000, 0x0000000083000000, 0x0000000083000000|100%| O|  |TAMS 0x0000000083000000, 0x0000000082f00000| Untracked 
|  10|0x0000000083000000, 0x000000008304a800, 0x0000000083100000| 29%| O|  |TAMS 0x000000008304a800, 0x0000000083000000| Untracked 
|  11|0x0000000083100000, 0x0000000083200000, 0x0000000083200000|100%| O|  |TAMS 0x0000000083200000, 0x0000000083100000| Untracked 
|  12|0x0000000083200000, 0x0000000083300000, 0x0000000083300000|100%| O|  |TAMS 0x0000000083300000, 0x0000000083200000| Untracked 
|  13|0x0000000083300000, 0x0000000083400000, 0x0000000083400000|100%| O|  |TAMS 0x0000000083400000, 0x0000000083300000| Untracked 
|  14|0x0000000083400000, 0x0000000083500000, 0x0000000083500000|100%| O|  |TAMS 0x0000000083500000, 0x0000000083400000| Untracked 
|  15|0x0000000083500000, 0x0000000083600000, 0x0000000083600000|100%| O|  |TAMS 0x000000008356dc00, 0x0000000083500000| Untracked 
|  16|0x0000000083600000, 0x0000000083700000, 0x0000000083700000|100%| O|  |TAMS 0x0000000083600000, 0x0000000083600000| Untracked 
|  17|0x0000000083700000, 0x0000000083800000, 0x0000000083800000|100%| O|  |TAMS 0x0000000083700000, 0x0000000083700000| Untracked 
|  18|0x0000000083800000, 0x0000000083900000, 0x0000000083900000|100%| O|  |TAMS 0x0000000083900000, 0x0000000083800000| Untracked 
|  19|0x0000000083900000, 0x0000000083a00000, 0x0000000083a00000|100%| O|  |TAMS 0x0000000083a00000, 0x0000000083900000| Untracked 
|  20|0x0000000083a00000, 0x0000000083a06800, 0x0000000083b00000|  2%| O|  |TAMS 0x0000000083a00000, 0x0000000083a00000| Untracked 
|  21|0x0000000083b00000, 0x0000000083b00000, 0x0000000083c00000|  0%| F|  |TAMS 0x0000000083b00000, 0x0000000083b00000| Untracked 
|  22|0x0000000083c00000, 0x0000000083c00000, 0x0000000083d00000|  0%| F|  |TAMS 0x0000000083c00000, 0x0000000083c00000| Untracked 
|  23|0x0000000083d00000, 0x0000000083d00000, 0x0000000083e00000|  0%| F|  |TAMS 0x0000000083d00000, 0x0000000083d00000| Untracked 
|  24|0x0000000083e00000, 0x0000000083e00000, 0x0000000083f00000|  0%| F|  |TAMS 0x0000000083e00000, 0x0000000083e00000| Untracked 
|  25|0x0000000083f00000, 0x0000000083f00000, 0x0000000084000000|  0%| F|  |TAMS 0x0000000083f00000, 0x0000000083f00000| Untracked 
|  26|0x0000000084000000, 0x0000000084000000, 0x0000000084100000|  0%| F|  |TAMS 0x0000000084000000, 0x0000000084000000| Untracked 
|  27|0x0000000084100000, 0x0000000084100000, 0x0000000084200000|  0%| F|  |TAMS 0x0000000084100000, 0x0000000084100000| Untracked 
|  28|0x0000000084200000, 0x0000000084200000, 0x0000000084300000|  0%| F|  |TAMS 0x0000000084200000, 0x0000000084200000| Untracked 
|  29|0x0000000084300000, 0x0000000084300000, 0x0000000084400000|  0%| F|  |TAMS 0x0000000084300000, 0x0000000084300000| Untracked 
|  30|0x0000000084400000, 0x0000000084400000, 0x0000000084500000|  0%| F|  |TAMS 0x0000000084400000, 0x0000000084400000| Untracked 
|  31|0x0000000084500000, 0x0000000084500000, 0x0000000084600000|  0%| F|  |TAMS 0x0000000084500000, 0x0000000084500000| Untracked 
|  32|0x0000000084600000, 0x0000000084600000, 0x0000000084700000|  0%| F|  |TAMS 0x0000000084600000, 0x0000000084600000| Untracked 
|  33|0x0000000084700000, 0x0000000084700000, 0x0000000084800000|  0%| F|  |TAMS 0x0000000084700000, 0x0000000084700000| Untracked 
|  34|0x0000000084800000, 0x0000000084800000, 0x0000000084900000|  0%| F|  |TAMS 0x0000000084800000, 0x0000000084800000| Untracked 
|  35|0x0000000084900000, 0x0000000084970be8, 0x0000000084a00000| 44%| S|CS|TAMS 0x0000000084900000, 0x0000000084900000| Complete 
|  36|0x0000000084a00000, 0x0000000084b00000, 0x0000000084b00000|100%| S|CS|TAMS 0x0000000084a00000, 0x0000000084a00000| Complete 
|  37|0x0000000084b00000, 0x0000000084c00000, 0x0000000084c00000|100%| S|CS|TAMS 0x0000000084b00000, 0x0000000084b00000| Complete 
|  38|0x0000000084c00000, 0x0000000084d00000, 0x0000000084d00000|100%| S|CS|TAMS 0x0000000084c00000, 0x0000000084c00000| Complete 
|  39|0x0000000084d00000, 0x0000000084e00000, 0x0000000084e00000|100%| S|CS|TAMS 0x0000000084d00000, 0x0000000084d00000| Complete 
|  40|0x0000000084e00000, 0x0000000084f00000, 0x0000000084f00000|100%| S|CS|TAMS 0x0000000084e00000, 0x0000000084e00000| Complete 
|  41|0x0000000084f00000, 0x0000000085000000, 0x0000000085000000|100%| S|CS|TAMS 0x0000000084f00000, 0x0000000084f00000| Complete 
|  42|0x0000000085000000, 0x0000000085000000, 0x0000000085100000|  0%| F|  |TAMS 0x0000000085000000, 0x0000000085000000| Untracked 
|  43|0x0000000085100000, 0x0000000085100000, 0x0000000085200000|  0%| F|  |TAMS 0x0000000085100000, 0x0000000085100000| Untracked 
|  44|0x0000000085200000, 0x0000000085200000, 0x0000000085300000|  0%| F|  |TAMS 0x0000000085200000, 0x0000000085200000| Untracked 
|  45|0x0000000085300000, 0x0000000085300000, 0x0000000085400000|  0%| F|  |TAMS 0x0000000085300000, 0x0000000085300000| Untracked 
|  46|0x0000000085400000, 0x0000000085400000, 0x0000000085500000|  0%| F|  |TAMS 0x0000000085400000, 0x0000000085400000| Untracked 
|  47|0x0000000085500000, 0x0000000085500000, 0x0000000085600000|  0%| F|  |TAMS 0x0000000085500000, 0x0000000085500000| Untracked 
|  48|0x0000000085600000, 0x0000000085600000, 0x0000000085700000|  0%| F|  |TAMS 0x0000000085600000, 0x0000000085600000| Untracked 
|  49|0x0000000085700000, 0x0000000085700000, 0x0000000085800000|  0%| F|  |TAMS 0x0000000085700000, 0x0000000085700000| Untracked 
|  50|0x0000000085800000, 0x0000000085800000, 0x0000000085900000|  0%| F|  |TAMS 0x0000000085800000, 0x0000000085800000| Untracked 
|  51|0x0000000085900000, 0x0000000085900000, 0x0000000085a00000|  0%| F|  |TAMS 0x0000000085900000, 0x0000000085900000| Untracked 
|  52|0x0000000085a00000, 0x0000000085a00000, 0x0000000085b00000|  0%| F|  |TAMS 0x0000000085a00000, 0x0000000085a00000| Untracked 
|  53|0x0000000085b00000, 0x0000000085b00000, 0x0000000085c00000|  0%| F|  |TAMS 0x0000000085b00000, 0x0000000085b00000| Untracked 
|  54|0x0000000085c00000, 0x0000000085c00000, 0x0000000085d00000|  0%| F|  |TAMS 0x0000000085c00000, 0x0000000085c00000| Untracked 
|  55|0x0000000085d00000, 0x0000000085d00000, 0x0000000085e00000|  0%| F|  |TAMS 0x0000000085d00000, 0x0000000085d00000| Untracked 
|  56|0x0000000085e00000, 0x0000000085e00000, 0x0000000085f00000|  0%| F|  |TAMS 0x0000000085e00000, 0x0000000085e00000| Untracked 
|  57|0x0000000085f00000, 0x0000000085f00000, 0x0000000086000000|  0%| F|  |TAMS 0x0000000085f00000, 0x0000000085f00000| Untracked 
|  58|0x0000000086000000, 0x0000000086000000, 0x0000000086100000|  0%| F|  |TAMS 0x0000000086000000, 0x0000000086000000| Untracked 
|  59|0x0000000086100000, 0x0000000086100000, 0x0000000086200000|  0%| F|  |TAMS 0x0000000086100000, 0x0000000086100000| Untracked 
|  60|0x0000000086200000, 0x0000000086200000, 0x0000000086300000|  0%| F|  |TAMS 0x0000000086200000, 0x0000000086200000| Untracked 
|  61|0x0000000086300000, 0x0000000086300000, 0x0000000086400000|  0%| F|  |TAMS 0x0000000086300000, 0x0000000086300000| Untracked 
|  62|0x0000000086400000, 0x0000000086400000, 0x0000000086500000|  0%| F|  |TAMS 0x0000000086400000, 0x0000000086400000| Untracked 
|  63|0x0000000086500000, 0x0000000086500000, 0x0000000086600000|  0%| F|  |TAMS 0x0000000086500000, 0x0000000086500000| Untracked 
|  64|0x0000000086600000, 0x0000000086600000, 0x0000000086700000|  0%| F|  |TAMS 0x0000000086600000, 0x0000000086600000| Untracked 
|  65|0x0000000086700000, 0x0000000086700000, 0x0000000086800000|  0%| F|  |TAMS 0x0000000086700000, 0x0000000086700000| Untracked 
|  66|0x0000000086800000, 0x0000000086800000, 0x0000000086900000|  0%| F|  |TAMS 0x0000000086800000, 0x0000000086800000| Untracked 
|  67|0x0000000086900000, 0x0000000086900000, 0x0000000086a00000|  0%| F|  |TAMS 0x0000000086900000, 0x0000000086900000| Untracked 
|  68|0x0000000086a00000, 0x0000000086a00000, 0x0000000086b00000|  0%| F|  |TAMS 0x0000000086a00000, 0x0000000086a00000| Untracked 
|  69|0x0000000086b00000, 0x0000000086b00000, 0x0000000086c00000|  0%| F|  |TAMS 0x0000000086b00000, 0x0000000086b00000| Untracked 
|  70|0x0000000086c00000, 0x0000000086c00000, 0x0000000086d00000|  0%| F|  |TAMS 0x0000000086c00000, 0x0000000086c00000| Untracked 
|  71|0x0000000086d00000, 0x0000000086d00000, 0x0000000086e00000|  0%| F|  |TAMS 0x0000000086d00000, 0x0000000086d00000| Untracked 
|  72|0x0000000086e00000, 0x0000000086e00000, 0x0000000086f00000|  0%| F|  |TAMS 0x0000000086e00000, 0x0000000086e00000| Untracked 
|  73|0x0000000086f00000, 0x0000000086f00000, 0x0000000087000000|  0%| F|  |TAMS 0x0000000086f00000, 0x0000000086f00000| Untracked 
|  74|0x0000000087000000, 0x0000000087000000, 0x0000000087100000|  0%| F|  |TAMS 0x0000000087000000, 0x0000000087000000| Untracked 
|  75|0x0000000087100000, 0x0000000087100000, 0x0000000087200000|  0%| F|  |TAMS 0x0000000087100000, 0x0000000087100000| Untracked 
|  76|0x0000000087200000, 0x0000000087200000, 0x0000000087300000|  0%| F|  |TAMS 0x0000000087200000, 0x0000000087200000| Untracked 
|  77|0x0000000087300000, 0x0000000087300000, 0x0000000087400000|  0%| F|  |TAMS 0x0000000087300000, 0x0000000087300000| Untracked 
|  78|0x0000000087400000, 0x0000000087400000, 0x0000000087500000|  0%| F|  |TAMS 0x0000000087400000, 0x0000000087400000| Untracked 
|  79|0x0000000087500000, 0x0000000087500000, 0x0000000087600000|  0%| F|  |TAMS 0x0000000087500000, 0x0000000087500000| Untracked 
|  80|0x0000000087600000, 0x0000000087600000, 0x0000000087700000|  0%| F|  |TAMS 0x0000000087600000, 0x0000000087600000| Untracked 
|  81|0x0000000087700000, 0x0000000087700000, 0x0000000087800000|  0%| F|  |TAMS 0x0000000087700000, 0x0000000087700000| Untracked 
|  82|0x0000000087800000, 0x0000000087800000, 0x0000000087900000|  0%| F|  |TAMS 0x0000000087800000, 0x0000000087800000| Untracked 
|  83|0x0000000087900000, 0x000000008794d9d0, 0x0000000087a00000| 30%| E|  |TAMS 0x0000000087900000, 0x0000000087900000| Complete 
|  84|0x0000000087a00000, 0x0000000087b00000, 0x0000000087b00000|100%| E|CS|TAMS 0x0000000087a00000, 0x0000000087a00000| Complete 
|  85|0x0000000087b00000, 0x0000000087c00000, 0x0000000087c00000|100%| E|CS|TAMS 0x0000000087b00000, 0x0000000087b00000| Complete 
|  86|0x0000000087c00000, 0x0000000087d00000, 0x0000000087d00000|100%| E|CS|TAMS 0x0000000087c00000, 0x0000000087c00000| Complete 
|  87|0x0000000087d00000, 0x0000000087e00000, 0x0000000087e00000|100%| E|CS|TAMS 0x0000000087d00000, 0x0000000087d00000| Complete 
|  88|0x0000000087e00000, 0x0000000087f00000, 0x0000000087f00000|100%| E|CS|TAMS 0x0000000087e00000, 0x0000000087e00000| Complete 
|  89|0x0000000087f00000, 0x0000000088000000, 0x0000000088000000|100%| E|CS|TAMS 0x0000000087f00000, 0x0000000087f00000| Complete 
|  90|0x0000000088000000, 0x0000000088100000, 0x0000000088100000|100%| E|CS|TAMS 0x0000000088000000, 0x0000000088000000| Complete 
|  91|0x0000000088100000, 0x0000000088200000, 0x0000000088200000|100%| E|CS|TAMS 0x0000000088100000, 0x0000000088100000| Complete 
|  92|0x0000000088200000, 0x0000000088300000, 0x0000000088300000|100%| E|CS|TAMS 0x0000000088200000, 0x0000000088200000| Complete 
|  99|0x0000000088900000, 0x0000000088a00000, 0x0000000088a00000|100%| E|CS|TAMS 0x0000000088900000, 0x0000000088900000| Complete 
| 125|0x000000008a300000, 0x000000008a400000, 0x000000008a400000|100%| E|CS|TAMS 0x000000008a300000, 0x000000008a300000| Complete 

Card table byte_map: [0x000002d3d8360000,0x000002d3d8750000] _byte_map_base: 0x000002d3d7f4d000

Marking Bits (Prev, Next): (CMBitMap*) 0x000002d3c54eac60, (CMBitMap*) 0x000002d3c54eac20
 Prev Bits: [0x000002d3daab0000, 0x000002d3dca18000)
 Next Bits: [0x000002d3d8b40000, 0x000002d3daaa8000)

Polling page: 0x000002d3c33e0000

Metaspace:

Usage:
  Non-class:     57.02 MB used.
      Class:      8.59 MB used.
       Both:     65.61 MB used.

Virtual space:
  Non-class space:       64.00 MB reserved,      57.25 MB ( 89%) committed,  8 nodes.
      Class space:        1.00 GB reserved,       8.81 MB ( <1%) committed,  1 nodes.
              Both:        1.06 GB reserved,      66.06 MB (  6%) committed. 

Chunk freelists:
   Non-Class:  2.25 MB
       Class:  3.09 MB
        Both:  5.34 MB

MaxMetaspaceSize: 17179869184.00 GB
CompressedClassSpaceSize: 1.00 GB
 - commit_granule_bytes: 65536.
 - commit_granule_words: 8192.
 - virtual_space_node_default_size: 1048576.
 - enlarge_chunks_in_place: 1.
 - new_chunks_are_fully_committed: 0.
 - uncommit_free_chunks: 1.
 - use_allocation_guard: 0.
 - handle_deallocations: 1.


Internal statistics:

num_allocs_failed_limit: 11.
num_arena_births: 556.
num_arena_deaths: 0.
num_vsnodes_births: 9.
num_vsnodes_deaths: 0.
num_space_committed: 1057.
num_space_uncommitted: 0.
num_chunks_returned_to_freelist: 11.
num_chunks_taken_from_freelist: 2645.
num_chunk_merges: 9.
num_chunk_splits: 1867.
num_chunks_enlarged: 1463.
num_purges: 0.

CodeHeap 'non-profiled nmethods': size=238336Kb used=8664Kb max_used=8664Kb free=229671Kb
 bounds [0x000002d3c9160000, 0x000002d3c99e0000, 0x000002d3d7a20000]
CodeHeap 'non-nmethods': size=7424Kb used=1384Kb max_used=1384Kb free=6039Kb
 bounds [0x000002d3c8a20000, 0x000002d3c8c90000, 0x000002d3c9160000]
 total_blobs=5758 nmethods=5115 adapters=570
 compilation: enabled
              stopped_count=0, restarted_count=0
 full_count=0

Compilation events (20 events):
Event: 122.292 Thread 0x000002d3df6ce6f0 5105       1       java.util.TaskQueue::getMin (7 bytes)
Event: 122.293 Thread 0x000002d3df6ce6f0 nmethod 5105 0x000002d3c99d1d10 code [0x000002d3c99d1ea0, 0x000002d3c99d1f98]
Event: 123.743 Thread 0x000002d3df6ce6f0 5106       1       java.nio.channels.spi.AbstractSelector::isOpen (13 bytes)
Event: 123.743 Thread 0x000002d3df6ce6f0 nmethod 5106 0x000002d3c99d2090 code [0x000002d3c99d2220, 0x000002d3c99d22f8]
Event: 125.755 Thread 0x000002d3df6ce6f0 5107       1       org.apache.tomcat.util.net.NioEndpoint::access$200 (5 bytes)
Event: 125.755 Thread 0x000002d3df6ce6f0 nmethod 5107 0x000002d3c99d2390 code [0x000002d3c99d2520, 0x000002d3c99d25d8]
Event: 126.771 Thread 0x000002d3df6ce6f0 5108   !   1       sun.nio.ch.SelectorImpl::processDeregisterQueue (145 bytes)
Event: 126.771 Thread 0x000002d3df6ce6f0 nmethod 5108 0x000002d3c99d2690 code [0x000002d3c99d28c0, 0x000002d3c99d2d68]
Event: 127.288 Thread 0x000002d3df6ce6f0 5109       1       java.util.concurrent.atomic.AtomicLong::set (12 bytes)
Event: 127.288 Thread 0x000002d3df6ce6f0 nmethod 5109 0x000002d3c99d3610 code [0x000002d3c99d37a0, 0x000002d3c99d3878]
Event: 127.772 Thread 0x000002d3df6ce6f0 5111   !   1       org.apache.tomcat.util.net.NioEndpoint$Poller::events (282 bytes)
Event: 127.775 Thread 0x000002d3df6ce6f0 nmethod 5111 0x000002d3c99d3910 code [0x000002d3c99d3bc0, 0x000002d3c99d4498]
Event: 127.775 Thread 0x000002d3df6ce6f0 5112  s    1       org.apache.tomcat.util.collections.SynchronizedQueue::size (23 bytes)
Event: 127.775 Thread 0x000002d3df6ce6f0 nmethod 5112 0x000002d3c99d4d10 code [0x000002d3c99d4ea0, 0x000002d3c99d5038]
Event: 127.775 Thread 0x000002d3df6ce6f0 5113       1       sun.nio.ch.SelectorImpl::ensureOpen (16 bytes)
Event: 127.776 Thread 0x000002d3df6ce6f0 nmethod 5113 0x000002d3c99d5110 code [0x000002d3c99d52c0, 0x000002d3c99d5408]
Event: 128.004 Thread 0x000002d3df6ce6f0 5114       1       java.lang.invoke.LambdaFormEditor$Transform::equals (32 bytes)
Event: 128.004 Thread 0x000002d3df6ce6f0 nmethod 5114 0x000002d3c99d5510 code [0x000002d3c99d56c0, 0x000002d3c99d57e8]
Event: 128.005 Thread 0x000002d3df6ce6f0 5115       1       java.lang.invoke.MethodHandles$Lookup::resolveOrNull (46 bytes)
Event: 128.005 Thread 0x000002d3df6ce6f0 nmethod 5115 0x000002d3c99d5890 code [0x000002d3c99d5aa0, 0x000002d3c99d5ee8]

GC Heap History (20 events):
Event: 1.669 GC heap before
{Heap before GC invocations=11 (full 0):
 garbage-first heap   total 71680K, used 43826K [0x0000000082600000, 0x0000000100000000)
  region size 1024K, 34 young (34816K), 3 survivors (3072K)
 Metaspace       used 35332K, committed 35648K, reserved 1081344K
  class space    used 4299K, committed 4416K, reserved 1048576K
}
Event: 1.675 GC heap after
{Heap after GC invocations=12 (full 0):
 garbage-first heap   total 71680K, used 14987K [0x0000000082600000, 0x0000000100000000)
  region size 1024K, 5 young (5120K), 5 survivors (5120K)
 Metaspace       used 35332K, committed 35648K, reserved 1081344K
  class space    used 4299K, committed 4416K, reserved 1048576K
}
Event: 1.790 GC heap before
{Heap before GC invocations=13 (full 0):
 garbage-first heap   total 61440K, used 51851K [0x0000000082600000, 0x0000000100000000)
  region size 1024K, 42 young (43008K), 5 survivors (5120K)
 Metaspace       used 36362K, committed 36800K, reserved 1081344K
  class space    used 4400K, committed 4608K, reserved 1048576K
}
Event: 1.796 GC heap after
{Heap after GC invocations=14 (full 0):
 garbage-first heap   total 61440K, used 15694K [0x0000000082600000, 0x0000000100000000)
  region size 1024K, 4 young (4096K), 4 survivors (4096K)
 Metaspace       used 36362K, committed 36800K, reserved 1081344K
  class space    used 4400K, committed 4608K, reserved 1048576K
}
Event: 1.906 GC heap before
{Heap before GC invocations=14 (full 0):
 garbage-first heap   total 61440K, used 47438K [0x0000000082600000, 0x0000000100000000)
  region size 1024K, 36 young (36864K), 4 survivors (4096K)
 Metaspace       used 38126K, committed 38528K, reserved 1089536K
  class space    used 4614K, committed 4800K, reserved 1048576K
}
Event: 1.908 GC heap after
{Heap after GC invocations=15 (full 0):
 garbage-first heap   total 61440K, used 16508K [0x0000000082600000, 0x0000000100000000)
  region size 1024K, 2 young (2048K), 2 survivors (2048K)
 Metaspace       used 38126K, committed 38528K, reserved 1089536K
  class space    used 4614K, committed 4800K, reserved 1048576K
}
Event: 2.059 GC heap before
{Heap before GC invocations=15 (full 0):
 garbage-first heap   total 61440K, used 49276K [0x0000000082600000, 0x0000000100000000)
  region size 1024K, 34 young (34816K), 2 survivors (2048K)
 Metaspace       used 41262K, committed 41664K, reserved 1089536K
  class space    used 5069K, committed 5248K, reserved 1048576K
}
Event: 2.061 GC heap after
{Heap after GC invocations=16 (full 0):
 garbage-first heap   total 80896K, used 16838K [0x0000000082600000, 0x0000000100000000)
  region size 1024K, 3 young (3072K), 3 survivors (3072K)
 Metaspace       used 41262K, committed 41664K, reserved 1089536K
  class space    used 5069K, committed 5248K, reserved 1048576K
}
Event: 2.351 GC heap before
{Heap before GC invocations=16 (full 0):
 garbage-first heap   total 80896K, used 60870K [0x0000000082600000, 0x0000000100000000)
  region size 1024K, 47 young (48128K), 3 survivors (3072K)
 Metaspace       used 46646K, committed 46976K, reserved 1097728K
  class space    used 5807K, committed 5952K, reserved 1048576K
}
Event: 2.355 GC heap after
{Heap after GC invocations=17 (full 0):
 garbage-first heap   total 80896K, used 17806K [0x0000000082600000, 0x0000000100000000)
  region size 1024K, 3 young (3072K), 3 survivors (3072K)
 Metaspace       used 46646K, committed 46976K, reserved 1097728K
  class space    used 5807K, committed 5952K, reserved 1048576K
}
Event: 2.679 GC heap before
{Heap before GC invocations=17 (full 0):
 garbage-first heap   total 80896K, used 62862K [0x0000000082600000, 0x0000000100000000)
  region size 1024K, 47 young (48128K), 3 survivors (3072K)
 Metaspace       used 51839K, committed 52224K, reserved 1097728K
  class space    used 6524K, committed 6656K, reserved 1048576K
}
Event: 2.682 GC heap after
{Heap after GC invocations=18 (full 0):
 garbage-first heap   total 80896K, used 19622K [0x0000000082600000, 0x0000000100000000)
  region size 1024K, 5 young (5120K), 5 survivors (5120K)
 Metaspace       used 51839K, committed 52224K, reserved 1097728K
  class space    used 6524K, committed 6656K, reserved 1048576K
}
Event: 2.867 GC heap before
{Heap before GC invocations=18 (full 0):
 garbage-first heap   total 80896K, used 61606K [0x0000000082600000, 0x0000000100000000)
  region size 1024K, 47 young (48128K), 5 survivors (5120K)
 Metaspace       used 56066K, committed 56448K, reserved 1105920K
  class space    used 7089K, committed 7232K, reserved 1048576K
}
Event: 2.870 GC heap after
{Heap after GC invocations=19 (full 0):
 garbage-first heap   total 80896K, used 20441K [0x0000000082600000, 0x0000000100000000)
  region size 1024K, 4 young (4096K), 4 survivors (4096K)
 Metaspace       used 56066K, committed 56448K, reserved 1105920K
  class space    used 7089K, committed 7232K, reserved 1048576K
}
Event: 3.190 GC heap before
{Heap before GC invocations=19 (full 0):
 garbage-first heap   total 80896K, used 58329K [0x0000000082600000, 0x0000000100000000)
  region size 1024K, 42 young (43008K), 4 survivors (4096K)
 Metaspace       used 59261K, committed 59648K, reserved 1105920K
  class space    used 7642K, committed 7872K, reserved 1048576K
}
Event: 3.192 GC heap after
{Heap after GC invocations=20 (full 0):
 garbage-first heap   total 80896K, used 21704K [0x0000000082600000, 0x0000000100000000)
  region size 1024K, 4 young (4096K), 4 survivors (4096K)
 Metaspace       used 59261K, committed 59648K, reserved 1105920K
  class space    used 7642K, committed 7872K, reserved 1048576K
}
Event: 3.511 GC heap before
{Heap before GC invocations=21 (full 0):
 garbage-first heap   total 80896K, used 65736K [0x0000000082600000, 0x0000000100000000)
  region size 1024K, 47 young (48128K), 4 survivors (4096K)
 Metaspace       used 62140K, committed 62592K, reserved 1105920K
  class space    used 8110K, committed 8320K, reserved 1048576K
}
Event: 3.514 GC heap after
{Heap after GC invocations=22 (full 0):
 garbage-first heap   total 97280K, used 23392K [0x0000000082600000, 0x0000000100000000)
  region size 1024K, 4 young (4096K), 4 survivors (4096K)
 Metaspace       used 62140K, committed 62592K, reserved 1105920K
  class space    used 8110K, committed 8320K, reserved 1048576K
}
Event: 13.062 GC heap before
{Heap before GC invocations=22 (full 0):
 garbage-first heap   total 97280K, used 76640K [0x0000000082600000, 0x0000000100000000)
  region size 1024K, 57 young (58368K), 4 survivors (4096K)
 Metaspace       used 66315K, committed 66752K, reserved 1114112K
  class space    used 8668K, committed 8896K, reserved 1048576K
}
Event: 13.066 GC heap after
{Heap after GC invocations=23 (full 0):
 garbage-first heap   total 97280K, used 25941K [0x0000000082600000, 0x0000000100000000)
  region size 1024K, 7 young (7168K), 7 survivors (7168K)
 Metaspace       used 66315K, committed 66752K, reserved 1114112K
  class space    used 8668K, committed 8896K, reserved 1048576K
}

Deoptimization events (20 events):
Event: 13.019 Thread 0x000002d3e4de05b0 DEOPT PACKING pc=0x000002d3c953f21c sp=0x000000f1168fd460
Event: 13.019 Thread 0x000002d3e4de05b0 DEOPT UNPACKING pc=0x000002d3c8a6dece sp=0x000000f1168fc9f8 mode 1
Event: 13.019 Thread 0x000002d3e4de05b0 DEOPT PACKING pc=0x000002d3c9359454 sp=0x000000f1168fc980
Event: 13.019 Thread 0x000002d3e4de05b0 DEOPT UNPACKING pc=0x000002d3c8a6dece sp=0x000000f1168fbe18 mode 1
Event: 13.019 Thread 0x000002d3e4de05b0 DEOPT PACKING pc=0x000002d3c935561c sp=0x000000f1168fca50
Event: 13.019 Thread 0x000002d3e4de05b0 DEOPT UNPACKING pc=0x000002d3c8a6dece sp=0x000000f1168fbf08 mode 1
Event: 13.019 Thread 0x000002d3e4de05b0 DEOPT PACKING pc=0x000002d3c92e2bf4 sp=0x000000f1168fd470
Event: 13.019 Thread 0x000002d3e4de05b0 DEOPT UNPACKING pc=0x000002d3c8a6dece sp=0x000000f1168fc960 mode 1
Event: 13.033 Thread 0x000002d3e4de05b0 DEOPT PACKING pc=0x000002d3c9359454 sp=0x000000f1168fcb40
Event: 13.033 Thread 0x000002d3e4de05b0 DEOPT UNPACKING pc=0x000002d3c8a6dece sp=0x000000f1168fbfd8 mode 1
Event: 13.033 Thread 0x000002d3e4de05b0 DEOPT PACKING pc=0x000002d3c935561c sp=0x000000f1168fcc10
Event: 13.033 Thread 0x000002d3e4de05b0 DEOPT UNPACKING pc=0x000002d3c8a6dece sp=0x000000f1168fc0c8 mode 1
Event: 13.033 Thread 0x000002d3e4de05b0 DEOPT PACKING pc=0x000002d3c9359454 sp=0x000000f1168fcc00
Event: 13.033 Thread 0x000002d3e4de05b0 DEOPT UNPACKING pc=0x000002d3c8a6dece sp=0x000000f1168fc098 mode 1
Event: 13.033 Thread 0x000002d3e4de05b0 DEOPT PACKING pc=0x000002d3c935561c sp=0x000000f1168fccd0
Event: 13.033 Thread 0x000002d3e4de05b0 DEOPT UNPACKING pc=0x000002d3c8a6dece sp=0x000000f1168fc188 mode 1
Event: 13.034 Thread 0x000002d3e4de05b0 DEOPT PACKING pc=0x000002d3c9359454 sp=0x000000f1168fccd0
Event: 13.034 Thread 0x000002d3e4de05b0 DEOPT UNPACKING pc=0x000002d3c8a6dece sp=0x000000f1168fc168 mode 1
Event: 13.034 Thread 0x000002d3e4de05b0 DEOPT PACKING pc=0x000002d3c935561c sp=0x000000f1168fcda0
Event: 13.034 Thread 0x000002d3e4de05b0 DEOPT UNPACKING pc=0x000002d3c8a6dece sp=0x000000f1168fc258 mode 1

Classes unloaded (0 events):
No events

Classes redefined (2 events):
Event: 46.903 Thread 0x000002d3df6a1100 redefined class name=com.application.controller.LogInController, count=1
Event: 111.329 Thread 0x000002d3df6a1100 redefined class name=com.application.controller.LogInController, count=2

Internal exceptions (20 events):
Event: 3.465 Thread 0x000002d3c54ab5d0 Exception <a 'java/lang/ClassNotFoundException'{0x00000000852f6a50}: java/lang/ObjectCustomizer> (0x00000000852f6a50) 
thrown [t:\workspace\open\src\hotspot\share\classfile\systemDictionary.cpp, line 256]
Event: 3.465 Thread 0x000002d3c54ab5d0 Exception <a 'java/lang/ClassNotFoundException'{0x00000000852fd398}: com/application/model/TargetMasterCustomizer> (0x00000000852fd398) 
thrown [t:\workspace\open\src\hotspot\share\classfile\systemDictionary.cpp, line 256]
Event: 3.493 Thread 0x000002d3c54ab5d0 Exception <a 'java/lang/ClassNotFoundException'{0x00000000848ed118}: java/lang/ObjectCustomizer> (0x00000000848ed118) 
thrown [t:\workspace\open\src\hotspot\share\classfile\systemDictionary.cpp, line 256]
Event: 3.494 Thread 0x000002d3c54ab5d0 Exception <a 'java/lang/ClassNotFoundException'{0x00000000848f4270}: org/springframework/web/servlet/config/annotation/WebMvcConfigurationSupportCustomizer> (0x00000000848f4270) 
thrown [t:\workspace\open\src\hotspot\share\classfile\systemDictionary.cpp, line 256]
Event: 3.494 Thread 0x000002d3c54ab5d0 Exception <a 'java/lang/ClassNotFoundException'{0x0000000084707ab8}: org/springframework/web/servlet/config/annotation/DelegatingWebMvcConfigurationCustomizer> (0x0000000084707ab8) 
thrown [t:\workspace\open\src\hotspot\share\classfile\systemDictionary.cpp, line 256]
Event: 3.495 Thread 0x000002d3c54ab5d0 Exception <a 'java/lang/ClassNotFoundException'{0x000000008470ffe0}: org/springframework/boot/autoconfigure/web/servlet/WebMvcAutoConfiguration$EnableWebMvcConfigurationCustomizer> (0x000000008470ffe0) 
thrown [t:\workspace\open\src\hotspot\share\classfile\systemDictionary.cpp, line 256]
Event: 3.495 Thread 0x000002d3c54ab5d0 Exception <a 'java/lang/ClassNotFoundException'{0x0000000084722bf8}: org/springframework/context/ResourceLoaderAwareCustomizer> (0x0000000084722bf8) 
thrown [t:\workspace\open\src\hotspot\share\classfile\systemDictionary.cpp, line 256]
Event: 3.495 Thread 0x000002d3c54ab5d0 Exception <a 'java/lang/ClassNotFoundException'{0x0000000084726f70}: org/springframework/beans/factory/AwareCustomizer> (0x0000000084726f70) 
thrown [t:\workspace\open\src\hotspot\share\classfile\systemDictionary.cpp, line 256]
Event: 3.496 Thread 0x000002d3c54ab5d0 Exception <a 'java/lang/ClassNotFoundException'{0x000000008472a6b8}: org/springframework/context/ApplicationContextAwareCustomizer> (0x000000008472a6b8) 
thrown [t:\workspace\open\src\hotspot\share\classfile\systemDictionary.cpp, line 256]
Event: 3.496 Thread 0x000002d3c54ab5d0 Exception <a 'java/lang/ClassNotFoundException'{0x000000008472f600}: org/springframework/beans/factory/AwareCustomizer> (0x000000008472f600) 
thrown [t:\workspace\open\src\hotspot\share\classfile\systemDictionary.cpp, line 256]
Event: 3.496 Thread 0x000002d3c54ab5d0 Exception <a 'java/lang/ClassNotFoundException'{0x0000000084732d20}: org/springframework/web/context/ServletContextAwareCustomizer> (0x0000000084732d20) 
thrown [t:\workspace\open\src\hotspot\share\classfile\systemDictionary.cpp, line 256]
Event: 3.496 Thread 0x000002d3c54ab5d0 Exception <a 'java/lang/ClassNotFoundException'{0x00000000847374f0}: org/springframework/beans/factory/AwareCustomizer> (0x00000000847374f0) 
thrown [t:\workspace\open\src\hotspot\share\classfile\systemDictionary.cpp, line 256]
Event: 3.566 Thread 0x000002d3c54ab5d0 Exception <a 'java/lang/NoSuchMethodError'{0x0000000087cda898}: 'void java.lang.invoke.DirectMethodHandle$Holder.invokeVirtual(java.lang.Object, java.lang.Object, int)'> (0x0000000087cda898) 
thrown [t:\workspace\open\src\hotspot\share\interpreter\linkResolver.cpp, line 790]
Event: 3.567 Thread 0x000002d3c54ab5d0 Exception <a 'java/lang/NoSuchMethodError'{0x0000000087cf5da8}: 'void java.lang.invoke.DirectMethodHandle$Holder.invokeVirtual(java.lang.Object, java.lang.Object, long)'> (0x0000000087cf5da8) 
thrown [t:\workspace\open\src\hotspot\share\interpreter\linkResolver.cpp, line 790]
Event: 3.571 Thread 0x000002d3e1e9b6c0 Exception <a 'java/lang/reflect/InvocationTargetException'{0x0000000087a01e20}> (0x0000000087a01e20) 
thrown [t:\workspace\open\src\hotspot\share\runtime\reflection.cpp, line 1157]
Event: 3.635 Thread 0x000002d3c54ab5d0 Exception <a 'java/lang/IncompatibleClassChangeError'{0x00000000870eacc8}: Found class java.lang.Object, but interface was expected> (0x00000000870eacc8) 
thrown [t:\workspace\open\src\hotspot\share\interpreter\linkResolver.cpp, line 857]
Event: 3.701 Thread 0x000002d3c54ab5d0 Exception <a 'java/lang/NoSuchMethodError'{0x00000000865880c8}: 'java.lang.Object java.lang.invoke.DirectMethodHandle$Holder.invokeSpecial(java.lang.Object, java.lang.Object, int, java.lang.Object, int, java.lang.Object)'> (0x00000000865880c8) 
thrown [t:\workspace\open\src\hotspot\share\interpreter\linkResolver.cpp, line 790]
Event: 3.701 Thread 0x000002d3c54ab5d0 Exception <a 'java/lang/NoSuchMethodError'{0x0000000086590488}: 'java.lang.Object java.lang.invoke.DirectMethodHandle$Holder.newInvokeSpecial(java.lang.Object, java.lang.Object, int, java.lang.Object, int)'> (0x0000000086590488) 
thrown [t:\workspace\open\src\hotspot\share\interpreter\linkResolver.cpp, line 790]
Event: 3.702 Thread 0x000002d3c54ab5d0 Exception <a 'java/lang/NoSuchMethodError'{0x0000000086594698}: 'java.lang.Object java.lang.invoke.DirectMethodHandle$Holder.invokeSpecial(java.lang.Object, java.lang.Object, java.lang.Object, int, java.lang.Object, int)'> (0x0000000086594698) 
thrown [t:\workspace\open\src\hotspot\share\interpreter\linkResolver.cpp, line 790]
Event: 3.702 Thread 0x000002d3c54ab5d0 Exception <a 'java/lang/NoSuchMethodError'{0x00000000865a3ee8}: 'void java.lang.invoke.DirectMethodHandle$Holder.invokeVirtual(java.lang.Object, java.lang.Object)'> (0x00000000865a3ee8) 
thrown [t:\workspace\open\src\hotspot\share\interpreter\linkResolver.cpp, line 790]

Events (20 events):
Event: 124.522 Executing  VM operation: get/set locals done
Event: 124.522 Executing  VM operation: get/set locals
Event: 124.522 Executing  VM operation: get/set locals done
Event: 124.522 Executing  VM operation: get/set locals
Event: 124.523 Executing  VM operation: get/set locals done
Event: 124.535 Executing  VM operation: get/set locals
Event: 124.535 Executing  VM operation: get/set locals done
Event: 124.535 Executing  VM operation: get/set locals
Event: 124.535 Executing  VM operation: get/set locals done
Event: 128.004 Executing  VM operation: GetObjectMonitorUsage
Event: 128.004 Executing  VM operation: GetObjectMonitorUsage done
Event: 128.004 Executing  VM operation: GetObjectMonitorUsage
Event: 128.005 Executing  VM operation: GetObjectMonitorUsage done
Event: 128.005 Executing  VM operation: GetObjectMonitorUsage
Event: 128.005 Executing  VM operation: GetObjectMonitorUsage done
Event: 128.006 Executing  VM operation: GetObjectMonitorUsage
Event: 128.006 Executing  VM operation: GetObjectMonitorUsage done
Event: 128.008 Thread 0x000002d3e4de0b00 Thread added: 0x000002d3e4de0b00
Event: 128.010 Thread 0x000002d3e4de0b00 Thread exited: 0x000002d3e4de0b00
Event: 128.028 Executing  VM operation: get/set locals


Dynamic libraries:
0x00007ff7b8710000 - 0x00007ff7b871e000 	C:\Users\User\Downloads\sts-4.11.1.RELEASE\plugins\org.eclipse.justj.openjdk.hotspot.jre.full.win32.x86_64_16.0.2.v20210721-1149\jre\bin\javaw.exe
0x00007ff8d5c50000 - 0x00007ff8d5e45000 	C:\WINDOWS\SYSTEM32\ntdll.dll
0x00007ff8d41f0000 - 0x00007ff8d42ae000 	C:\WINDOWS\System32\KERNEL32.DLL
0x00007ff8d3480000 - 0x00007ff8d3749000 	C:\WINDOWS\System32\KERNELBASE.dll
0x00007ff8d3b20000 - 0x00007ff8d3c20000 	C:\WINDOWS\System32\ucrtbase.dll
0x00007ff8ce540000 - 0x00007ff8ce558000 	C:\Users\User\Downloads\sts-4.11.1.RELEASE\plugins\org.eclipse.justj.openjdk.hotspot.jre.full.win32.x86_64_16.0.2.v20210721-1149\jre\bin\jli.dll
0x00007ff8ce4a0000 - 0x00007ff8ce4b9000 	C:\Users\User\Downloads\sts-4.11.1.RELEASE\plugins\org.eclipse.justj.openjdk.hotspot.jre.full.win32.x86_64_16.0.2.v20210721-1149\jre\bin\VCRUNTIME140.dll
0x00007ff8d4790000 - 0x00007ff8d4931000 	C:\WINDOWS\System32\USER32.dll
0x00007ff8d3af0000 - 0x00007ff8d3b12000 	C:\WINDOWS\System32\win32u.dll
0x00007ff8c0240000 - 0x00007ff8c04da000 	C:\WINDOWS\WinSxS\amd64_microsoft.windows.common-controls_6595b64144ccf1df_6.0.19041.1110_none_60b5254171f9507e\COMCTL32.dll
0x00007ff8d5be0000 - 0x00007ff8d5c0b000 	C:\WINDOWS\System32\GDI32.dll
0x00007ff8d46f0000 - 0x00007ff8d478e000 	C:\WINDOWS\System32\msvcrt.dll
0x00007ff8d3370000 - 0x00007ff8d347b000 	C:\WINDOWS\System32\gdi32full.dll
0x00007ff8d3a50000 - 0x00007ff8d3aed000 	C:\WINDOWS\System32\msvcp_win.dll
0x00007ff8d4b70000 - 0x00007ff8d4ba0000 	C:\WINDOWS\System32\IMM32.DLL
0x00007ff8cfa20000 - 0x00007ff8cfa2c000 	C:\Users\User\Downloads\sts-4.11.1.RELEASE\plugins\org.eclipse.justj.openjdk.hotspot.jre.full.win32.x86_64_16.0.2.v20210721-1149\jre\bin\vcruntime140_1.dll
0x00007ff8c5040000 - 0x00007ff8c50d1000 	C:\Users\User\Downloads\sts-4.11.1.RELEASE\plugins\org.eclipse.justj.openjdk.hotspot.jre.full.win32.x86_64_16.0.2.v20210721-1149\jre\bin\msvcp140.dll
0x00007ff872310000 - 0x00007ff872ebb000 	C:\Users\User\Downloads\sts-4.11.1.RELEASE\plugins\org.eclipse.justj.openjdk.hotspot.jre.full.win32.x86_64_16.0.2.v20210721-1149\jre\bin\server\jvm.dll
0x00007ff8d5720000 - 0x00007ff8d57cc000 	C:\WINDOWS\System32\ADVAPI32.dll
0x00007ff8d4940000 - 0x00007ff8d49db000 	C:\WINDOWS\System32\sechost.dll
0x00007ff8d5ab0000 - 0x00007ff8d5bda000 	C:\WINDOWS\System32\RPCRT4.dll
0x00007ff8d4da0000 - 0x00007ff8d4da8000 	C:\WINDOWS\System32\PSAPI.DLL
0x00007ff8c2db0000 - 0x00007ff8c2dd7000 	C:\WINDOWS\SYSTEM32\WINMM.dll
0x00007ff8bde70000 - 0x00007ff8bde79000 	C:\WINDOWS\SYSTEM32\WSOCK32.dll
0x00007ff8ce6e0000 - 0x00007ff8ce6ea000 	C:\WINDOWS\SYSTEM32\VERSION.dll
0x00007ff8d4bc0000 - 0x00007ff8d4c2b000 	C:\WINDOWS\System32\WS2_32.dll
0x00007ff8d1280000 - 0x00007ff8d1292000 	C:\WINDOWS\SYSTEM32\kernel.appcore.dll
0x00007ff8ce530000 - 0x00007ff8ce53a000 	C:\Users\User\Downloads\sts-4.11.1.RELEASE\plugins\org.eclipse.justj.openjdk.hotspot.jre.full.win32.x86_64_16.0.2.v20210721-1149\jre\bin\jimage.dll
0x00007ff8b60e0000 - 0x00007ff8b62c4000 	C:\WINDOWS\SYSTEM32\DBGHELP.DLL
0x00007ff8b60b0000 - 0x00007ff8b60dc000 	C:\WINDOWS\SYSTEM32\dbgcore.DLL
0x00007ff8d3750000 - 0x00007ff8d37d3000 	C:\WINDOWS\System32\bcryptPrimitives.dll
0x00007ff8c51a0000 - 0x00007ff8c51db000 	C:\Users\User\Downloads\sts-4.11.1.RELEASE\plugins\org.eclipse.justj.openjdk.hotspot.jre.full.win32.x86_64_16.0.2.v20210721-1149\jre\bin\jdwp.dll
0x00007ff8ce490000 - 0x00007ff8ce49e000 	C:\Users\User\Downloads\sts-4.11.1.RELEASE\plugins\org.eclipse.justj.openjdk.hotspot.jre.full.win32.x86_64_16.0.2.v20210721-1149\jre\bin\instrument.dll
0x00007ff8c5a30000 - 0x00007ff8c5a55000 	C:\Users\User\Downloads\sts-4.11.1.RELEASE\plugins\org.eclipse.justj.openjdk.hotspot.jre.full.win32.x86_64_16.0.2.v20210721-1149\jre\bin\java.dll
0x00007ff8c5180000 - 0x00007ff8c5198000 	C:\Users\User\Downloads\sts-4.11.1.RELEASE\plugins\org.eclipse.justj.openjdk.hotspot.jre.full.win32.x86_64_16.0.2.v20210721-1149\jre\bin\zip.dll
0x00007ff8d4e10000 - 0x00007ff8d554f000 	C:\WINDOWS\System32\SHELL32.dll
0x00007ff8d1480000 - 0x00007ff8d1c10000 	C:\WINDOWS\SYSTEM32\windows.storage.dll
0x00007ff8d4390000 - 0x00007ff8d46e5000 	C:\WINDOWS\System32\combase.dll
0x00007ff8d2cf0000 - 0x00007ff8d2d1c000 	C:\WINDOWS\SYSTEM32\Wldp.dll
0x00007ff8d5a00000 - 0x00007ff8d5aad000 	C:\WINDOWS\System32\SHCORE.dll
0x00007ff8d4c30000 - 0x00007ff8d4c85000 	C:\WINDOWS\System32\shlwapi.dll
0x00007ff8d32b0000 - 0x00007ff8d32cf000 	C:\WINDOWS\SYSTEM32\profapi.dll
0x00007ff8c5b50000 - 0x00007ff8c5b5c000 	C:\Users\User\Downloads\sts-4.11.1.RELEASE\plugins\org.eclipse.justj.openjdk.hotspot.jre.full.win32.x86_64_16.0.2.v20210721-1149\jre\bin\dt_socket.dll
0x00007ff8d2740000 - 0x00007ff8d277b000 	C:\WINDOWS\SYSTEM32\IPHLPAPI.DLL
0x00007ff8d2a50000 - 0x00007ff8d2aba000 	C:\WINDOWS\system32\mswsock.dll
0x00007ff8d2780000 - 0x00007ff8d284c000 	C:\WINDOWS\SYSTEM32\DNSAPI.dll
0x00007ff8d55e0000 - 0x00007ff8d55e8000 	C:\WINDOWS\System32\NSI.dll
0x00007ff8cbc30000 - 0x00007ff8cbc3a000 	C:\Windows\System32\rasadhlp.dll
0x00007ff8cbd70000 - 0x00007ff8cbdef000 	C:\WINDOWS\System32\fwpuclnt.dll
0x00007ff8d3c20000 - 0x00007ff8d3c47000 	C:\WINDOWS\System32\bcrypt.dll
0x00007ff8c5100000 - 0x00007ff8c5119000 	C:\Users\User\Downloads\sts-4.11.1.RELEASE\plugins\org.eclipse.justj.openjdk.hotspot.jre.full.win32.x86_64_16.0.2.v20210721-1149\jre\bin\net.dll
0x00007ff8cdd80000 - 0x00007ff8cde88000 	C:\WINDOWS\SYSTEM32\WINHTTP.dll
0x00007ff8c5020000 - 0x00007ff8c5033000 	C:\Users\User\Downloads\sts-4.11.1.RELEASE\plugins\org.eclipse.justj.openjdk.hotspot.jre.full.win32.x86_64_16.0.2.v20210721-1149\jre\bin\nio.dll
0x00007ff8c5ae0000 - 0x00007ff8c5ae9000 	C:\Users\User\Downloads\sts-4.11.1.RELEASE\plugins\org.eclipse.justj.openjdk.hotspot.jre.full.win32.x86_64_16.0.2.v20210721-1149\jre\bin\management.dll
0x00007ff8c5170000 - 0x00007ff8c517b000 	C:\Users\User\Downloads\sts-4.11.1.RELEASE\plugins\org.eclipse.justj.openjdk.hotspot.jre.full.win32.x86_64_16.0.2.v20210721-1149\jre\bin\management_ext.dll
0x00007ff8b67d0000 - 0x00007ff8b67e7000 	C:\WINDOWS\system32\napinsp.dll
0x00007ff8b67b0000 - 0x00007ff8b67cb000 	C:\WINDOWS\system32\pnrpnsp.dll
0x00007ff8b6790000 - 0x00007ff8b67a5000 	C:\WINDOWS\system32\wshbth.dll
0x00007ff8ced80000 - 0x00007ff8ced9d000 	C:\WINDOWS\system32\NLAapi.dll
0x00007ff8b6770000 - 0x00007ff8b6782000 	C:\WINDOWS\System32\winrnr.dll
0x00007ff8d2c50000 - 0x00007ff8d2c68000 	C:\WINDOWS\SYSTEM32\CRYPTSP.dll
0x00007ff8d23d0000 - 0x00007ff8d2404000 	C:\WINDOWS\system32\rsaenh.dll
0x00007ff8d3270000 - 0x00007ff8d329e000 	C:\WINDOWS\SYSTEM32\USERENV.dll
0x00007ff8d2c40000 - 0x00007ff8d2c4c000 	C:\WINDOWS\SYSTEM32\CRYPTBASE.dll
0x00007ff8cc380000 - 0x00007ff8cc397000 	C:\WINDOWS\SYSTEM32\dhcpcsvc6.DLL
0x00007ff8cc360000 - 0x00007ff8cc37d000 	C:\WINDOWS\SYSTEM32\dhcpcsvc.DLL
0x00007ff8c5010000 - 0x00007ff8c5020000 	C:\Users\User\Downloads\sts-4.11.1.RELEASE\plugins\org.eclipse.justj.openjdk.hotspot.jre.full.win32.x86_64_16.0.2.v20210721-1149\jre\bin\verify.dll
0x00007ff8c5000000 - 0x00007ff8c500e000 	C:\Users\User\Downloads\sts-4.11.1.RELEASE\plugins\org.eclipse.justj.openjdk.hotspot.jre.full.win32.x86_64_16.0.2.v20210721-1149\jre\bin\sunmscapi.dll
0x00007ff8d38f0000 - 0x00007ff8d3a46000 	C:\WINDOWS\System32\CRYPT32.dll
0x00007ff8d2d60000 - 0x00007ff8d2d87000 	C:\WINDOWS\SYSTEM32\ncrypt.dll
0x00007ff8d2d20000 - 0x00007ff8d2d5b000 	C:\WINDOWS\SYSTEM32\NTASN1.dll
0x00007ff8c5b60000 - 0x00007ff8c5b67000 	C:\WINDOWS\system32\wshunix.dll

dbghelp: loaded successfully - version: 4.0.5 - missing functions: none
symbol engine: initialized successfully - sym options: 0x614 - pdb path: .;C:\Users\User\Downloads\sts-4.11.1.RELEASE\plugins\org.eclipse.justj.openjdk.hotspot.jre.full.win32.x86_64_16.0.2.v20210721-1149\jre\bin;C:\WINDOWS\SYSTEM32;C:\WINDOWS\WinSxS\amd64_microsoft.windows.common-controls_6595b64144ccf1df_6.0.19041.1110_none_60b5254171f9507e;C:\Users\User\Downloads\sts-4.11.1.RELEASE\plugins\org.eclipse.justj.openjdk.hotspot.jre.full.win32.x86_64_16.0.2.v20210721-1149\jre\bin\server

VM Arguments:
jvm_args: -Djava.vendor=Sun Microsystems Inc. -XX:+ShowCodeDetailsInExceptionMessages -agentlib:jdwp=transport=dt_socket,suspend=y,address=localhost:56723 -Dcom.sun.management.jmxremote -Dcom.sun.management.jmxremote.port=56721 -Dcom.sun.management.jmxremote.authenticate=false -Dcom.sun.management.jmxremote.ssl=false -Djava.rmi.server.hostname=localhost -Dspring.jmx.enabled=true -Dspring.application.admin.enabled=true -XX:TieredStopAtLevel=1 -Dspring.boot.project.name=Profile -javaagent:D:\sts-4.11.1.RELEASE\configuration\org.eclipse.osgi\258\0\.cp\lib\javaagent-shaded.jar -Dfile.encoding=UTF-8 
java_command: com.application.ApplicationProfile --spring.output.ansi.enabled=always
java_class_path (initial): D:\Spring boot+JPA+React\Profile\target\classes;C:\Users\User\.m2\repository\org\springframework\boot\spring-boot-starter-data-jpa\2.5.4\spring-boot-starter-data-jpa-2.5.4.jar;C:\Users\User\.m2\repository\org\springframework\boot\spring-boot-starter-aop\2.5.4\spring-boot-starter-aop-2.5.4.jar;C:\Users\User\.m2\repository\org\springframework\spring-aop\5.3.9\spring-aop-5.3.9.jar;C:\Users\User\.m2\repository\org\aspectj\aspectjweaver\1.9.7\aspectjweaver-1.9.7.jar;C:\Users\User\.m2\repository\jakarta\transaction\jakarta.transaction-api\1.3.3\jakarta.transaction-api-1.3.3.jar;C:\Users\User\.m2\repository\jakarta\persistence\jakarta.persistence-api\2.2.3\jakarta.persistence-api-2.2.3.jar;C:\Users\User\.m2\repository\org\hibernate\hibernate-core\5.4.32.Final\hibernate-core-5.4.32.Final.jar;C:\Users\User\.m2\repository\org\jboss\logging\jboss-logging\3.4.2.Final\jboss-logging-3.4.2.Final.jar;C:\Users\User\.m2\repository\org\javassist\javassist\3.27.0-GA\javassist-3.27.0-GA.jar;C:\Users\User\.m2\repository\net\bytebuddy\byte-buddy\1.10.22\byte-buddy-1.10.22.jar;C:\Users\User\.m2\repository\antlr\antlr\2.7.7\antlr-2.7.7.jar;C:\Users\User\.m2\repository\org\jboss\jandex\2.2.3.Final\jandex-2.2.3.Final.jar;C:\Users\User\.m2\repository\com\fasterxml\classmate\1.5.1\classmate-1.5.1.jar;C:\Users\User\.m2\repository\org\dom4j\dom4j\2.1.3\dom4j-2.1.3.jar;C:\Users\User\.m2\repository\org\hibernate\common\hibernate-commons-annotations\5.1.2.Final\hibernate-commons-annotations-5.1.2.Final.jar;C:\Users\User\.m2\repository\org\glassfish\jaxb\jaxb-runtime\2.3.5\jaxb-runtime-2.3.5.jar;C:\Users\User\.m2\repository\org\glassfish\jaxb\txw2\2.3.5\txw2-2.3.5.jar;C:\Users\User\.m2\repository\com\sun\istack\istack-commons-runtime\3.0.12\istack-commons-runtime-3.0.12.jar;C:\Users\User\.m2\repository\com\sun\activation\jakarta.activation\1.2.2\jakarta.activation-1.2.2.jar;C:\Users\User\.m2\repository\org\springframework\data\spring-data-jpa\2.5.4\spring-data-jpa-2.5.4.j
Launcher Type: SUN_STANDARD

[Global flags]
     intx CICompilerCount                          = 4                                         {product} {ergonomic}
     uint ConcGCThreads                            = 3                                         {product} {ergonomic}
     uint G1ConcRefinementThreads                  = 10                                        {product} {ergonomic}
   size_t G1HeapRegionSize                         = 1048576                                   {product} {ergonomic}
    uintx GCDrainStackTargetSize                   = 64                                        {product} {ergonomic}
   size_t InitialHeapSize                          = 132120576                                 {product} {ergonomic}
     bool ManagementServer                         = true                                      {product} {command line}
   size_t MarkStackSize                            = 4194304                                   {product} {ergonomic}
   size_t MaxHeapSize                              = 2107637760                                {product} {ergonomic}
   size_t MaxNewSize                               = 1264582656                                {product} {ergonomic}
   size_t MinHeapDeltaBytes                        = 1048576                                   {product} {ergonomic}
   size_t MinHeapSize                              = 8388608                                   {product} {ergonomic}
    uintx NonNMethodCodeHeapSize                   = 7549744                                {pd product} {ergonomic}
    uintx NonProfiledCodeHeapSize                  = 244108496                              {pd product} {ergonomic}
    uintx ProfiledCodeHeapSize                     = 0                                      {pd product} {ergonomic}
    uintx ReservedCodeCacheSize                    = 251658240                              {pd product} {ergonomic}
     bool SegmentedCodeCache                       = true                                      {product} {ergonomic}
     bool ShowCodeDetailsInExceptionMessages       = true                                   {manageable} {command line}
   size_t SoftMaxHeapSize                          = 2107637760                             {manageable} {ergonomic}
     intx TieredStopAtLevel                        = 1                                         {product} {command line}
     bool UseCompressedClassPointers               = true                           {product lp64_product} {ergonomic}
     bool UseCompressedOops                        = true                           {product lp64_product} {ergonomic}
     bool UseG1GC                                  = true                                      {product} {ergonomic}
     bool UseLargePagesIndividualAllocation        = false                                  {pd product} {ergonomic}

Logging:
Log output configuration:
 #0: stdout all=warning uptime,level,tags
 #1: stderr all=off uptime,level,tags

Environment Variables:
JAVA_HOME=C:\Program Files (x86)\Java\jdk1.7.0_80\bin
JAVA_TOOL_OPTIONS=-Djava.vendor="Sun Microsystems Inc."
PATH=C:\Users\User\Downloads\sts-4.11.1.RELEASE\plugins\org.eclipse.justj.openjdk.hotspot.jre.full.win32.x86_64_16.0.2.v20210721-1149\jre\bin;D:/sts-4.11.1.RELEASE//plugins/org.eclipse.justj.openjdk.hotspot.jre.full.win32.x86_64_16.0.2.v20210721-1149/jre/bin/server;D:/sts-4.11.1.RELEASE//plugins/org.eclipse.justj.openjdk.hotspot.jre.full.win32.x86_64_16.0.2.v20210721-1149/jre/bin;C:\app\User\product\18.0.0\dbhomeXE\bin;F:\app\User\product\11.2.0\client_2;E:\;C:\product\11.2.0\client_1\bin;F:\app\User\product\11.2.0\client_1\bin;C:\Program Files (x86)\Common Files\Oracle\Java\javapath;C:\WINDOWS\system32;C:\WINDOWS;C:\WINDOWS\System32\Wbem;C:\WINDOWS\System32\WindowsPowerShell\v1.0\;C:\WINDOWS\System32\OpenSSH\;C:\product\11.2.0\client_1;C:\Program Files\PuTTY\;C:\Program Files\nodejs\;C:\Program Files\Git\cmd;C:\Program Files\TortoiseSVN\bin;C:\Users\User\AppData\Local\Microsoft\WindowsApps;C:\Users\User\AppData\Local\Microsoft\WindowsApps;C:\Users\User\AppData\Local\Programs\Microsoft VS Code\bin;C:\Users\User\AppData\Roaming\npm;C:\Users\User\AppData\Local\GitHubDesktop\bin;D:\sts-4.11.1.RELEASE;
USERNAME=User
OS=Windows_NT
PROCESSOR_IDENTIFIER=Intel64 Family 6 Model 158 Stepping 10, GenuineIntel



---------------  S Y S T E M  ---------------

OS:
 Windows 10 , 64 bit Build 19041 (10.0.19041.1202)
OS uptime: 1 days 4:14 hours

CPU: total 12 (initial active 12) (6 cores per cpu, 2 threads per core) family 6 model 158 stepping 10 microcode 0xb4, cx8, cmov, fxsr, ht, mmx, 3dnowpref, sse, sse2, sse3, ssse3, sse4.1, sse4.2, popcnt, lzcnt, tsc, tscinvbit, avx, avx2, aes, erms, clmul, bmi1, bmi2, rtm, adx, fma, vzeroupper, clflush, clflushopt

Memory: 4k page, system-wide physical 8035M (1444M free)
TotalPageFile size 12825M (AvailPageFile size 2262M)
current process WorkingSet (physical memory assigned to process): 236M, peak: 236M
current process commit charge ("private bytes"): 274M, peak: 274M

vm_info: OpenJDK 64-Bit Server VM (16.0.2+7-67) for windows-amd64 JRE (16.0.2+7-67), built on Jun  8 2021 23:21:43 by "mach5one" with MS VC++ 16.7 (VS2019)

END.
